<?xml version="1.0" encoding="UTF-8"?>
<!-- Generated by org.testng.reporters.JUnitReportReporter -->
<testsuite hostname="DESKTOP-D7E9L8T" failures="0" tests="3" name="api.test.UserTests" time="3.809" errors="0" timestamp="2024-07-30T23:35:28 IST" skipped="0">
  <testcase classname="api.test.UserTests" name="testPostUser" time="3.378"/>
  <system-out/>
  <testcase classname="api.test.UserTests" name="testGetSingleUser" time="0.303"/>
  <system-out/>
  <testcase classname="api.test.UserTests" name="testGetUser" time="0.128"/>
  <system-out/>
</testsuite> <!-- api.test.UserTests -->
